<?xml version="1.0" encoding="UTF-8"?>
<!-- Generated by org.testng.reporters.JUnitReportReporter -->
<testsuite hostname="LAPTOP-O0F0P2QQ" failures="0" tests="3" name="Section03.Cases2" time="0.007" errors="0" timestamp="2023-01-10T09:40:20 IST" skipped="0">
  <testcase classname="Section03.Cases2" name="pradeep" time="0.001"/>
  <system-out/>
  <testcase classname="Section03.Cases2" name="runner" time="0.001"/>
  <system-out/>
  <testcase classname="Section03.Cases2" name="gunner" time="0.005"/>
  <system-out/>
</testsuite> <!-- Section03.Cases2 -->
