<?xml version="1.0" encoding="UTF-8"?>
<!-- Generated by org.testng.reporters.JUnitReportReporter -->
<testsuite hostname="LAPTOP-O0F0P2QQ" failures="0" tests="2" name="Section03.BasicCases" time="0.007" errors="0" timestamp="2023-01-10T09:40:09 IST" skipped="0">
  <testcase classname="Section03.BasicCases" name="m1" time="0.006"/>
  <system-out/>
  <testcase classname="Section03.BasicCases" name="m2" time="0.001"/>
  <system-out/>
</testsuite> <!-- Section03.BasicCases -->
