<?xml version="1.0" encoding="UTF-8"?>
<!-- Generated by org.testng.reporters.JUnitReportReporter -->
<testsuite hostname="LAPTOP-O0F0P2QQ" failures="0" tests="3" name="Section03.ProirtyFlag" time="0.012" errors="0" timestamp="2023-01-10T21:10:39 IST" skipped="0">
  <testcase classname="Section03.ProirtyFlag" name="monkey" time="0.008"/>
  <system-out/>
  <testcase classname="Section03.ProirtyFlag" name="dog" time="0.002"/>
  <system-out/>
  <testcase classname="Section03.ProirtyFlag" name="cat" time="0.002"/>
  <system-out/>
</testsuite> <!-- Section03.ProirtyFlag -->
