<?xml version="1.0" encoding="UTF-8"?>
<!-- Generated by org.testng.reporters.JUnitReportReporter -->
<testsuite hostname="LAPTOP-O0F0P2QQ" failures="0" tests="4" name="Section03.InvocationFlag" time="0.009" errors="0" timestamp="2023-01-23T23:08:14 IST" skipped="0">
  <testcase classname="Section03.InvocationFlag" name="job" time="0.001"/>
  <system-out/>
  <testcase classname="Section03.InvocationFlag" name="job" time="0.001"/>
  <system-out/>
  <testcase classname="Section03.InvocationFlag" name="hardwork" time="0.006"/>
  <system-out/>
  <testcase classname="Section03.InvocationFlag" name="job" time="0.001"/>
  <system-out/>
</testsuite> <!-- Section03.InvocationFlag -->
